[    .000000] Linuxversin 4.15.0-34-generi (bild@lgw01-md6-047) (gcc version 7.3.0 (Ubuntu 7.3.0-16ubuntu3)) #37-Ubuntu SMP Mon Aug 27 15:21:48 UTC 2018 (Ubuntu 4.15.0-34.37-generic 4.15.18)
[    0.000000] Command line: BOOT_IMAGE=/boot/vmlinuz-4.15.0-34-generic root=UUID=1944b013-04db-427d-b9cb-2e000828c5db ro console=tty1 console=ttyS0
[    0.000000] KERNEL supported cpus:
[    0.000000]   Intel GenuineIntel
[    0.000000]   AMD AuthenticAMD
[    0.000000]   Centaur CentaurHauls
[    0.000000] x86/fpu: x87 FPU will use FXSAVE
[    0.000000] e820: BIOS-provided physical RAM map:
[    0.000000] BIOS-e820: [mem 0x0000000000000000-0x000000000009fbff] usable
[    0.000000] BIOS-e820: [mem 0x000000000009fc00-0x000000000009ffff] reserved
[    0.000000] BIOS-e820: [mem 0x00000000000f0000-0x00000000000fffff] reserved
[    0.000000] BIOS-e820: [mem 0x0000000000100000-0x000000003ffeffff] usable
[    0.000000] BIOS-e820: [mem 0x000000003fff0000-0x000000003fffffff] ACPI data
[    0.000000] BIOS-e820: [mem 0x00000000fec00000-0x00000000fec00fff] reserved
[    0.000000] BIOS-e820: [mem 0x00000000fee00000-0x00000000fee00fff] reserved
[    0.000000] BIOS-e820: [mem 0x00000000fffc0000-0x00000000ffffffff] reserved
[    0.000000] NX (Execute Disable) protection: active
[    0.000000] SMBIOS 2.5 present.
[    0.000000] DMI: innotek GmbH VirtualBox/VirtualBox, BIOS VirtualBox 12/01/2006
[    0.000000] Hypervisor detected: KVM
[    0.000000] e820: last_pfn = 0x3fff0 max_arch_pfn = 0x400000000
[    0.000000] MTRR: Disabled
[    0.000000] x86/PAT: MTRRs disabled, skipping PAT initialization too.
[    0.000000] CPU MTRRs all blank - virtualized system.
[    0.000000] x86/PAT: Configuration [0-7]: WB  WT  UC- UC  WB  WT  UC- UC  
[    0.000000] found SMP MP-table at [mem 0x0009fff0-0x0009ffff] mapped at [        (ptrval)]
[    0.000000] Scanning 1 areas for low memory corruption
[    0.000000] RAMDISK: [mem 0x314b5000-0x34a51fff]
[    0.000000] ACPI: Early table checksum verification disabled
[    0.000000] ACPI: RSDP 0x00000000000E0000 000024 (v02 VBOX  )
[    0.000000] ACPI: XSDT 0x000000003FFF0030 00003C (v01 VBOX   VBOXXSDT 00000001 ASL  00000061)
[    0.000000] ACPI: FACP 0x000000003FFF00F0 0000F4 (v04 VBOX   VBOXFACP 00000001 ASL  00000061)
[    0.000000] ACPI: DSDT 0x000000003FFF0470 0021FF (v02 VBOX   VBOXBIOS 00000002 INTL 20180105)
[    0.000000] ACPI: FACS 0x000000003FFF0200 000040
[    0.000000] ACPI: FACS 0x000000003FFF0200 000040
[    0.000000] ACPI: APIC 0x000000003FFF0240 00005C (v02 VBOX   VBOXAPIC 00000001 ASL  00000061)
[    0.000000] ACPI: SSDT 0x000000003FFF02A0 0001CC (v01 VBOX   VBOXCPUT 00000002 INTL 20180105)
[    0.000000] No NUMA configuration found
[    0.000000] Faking a node at [mem 0x0000000000000000-0x000000003ffeffff]
[    0.000000] NODE_DATA(0) allocated [mem 0x3ffc5000-0x3ffeffff]
[    0.000000] kvm-clock: cpu 0, msr 0:3ff44001, primary cpu clock
[    0.000000] kvm-clock: Using msrs 4b564d01 and 4b564d00
[    0.000000] kvm-clock: using sched offset of 5116759760 cycles
[    0.000000] clocksource: kvm-clock: mask: 0xffffffffffffffff max_cycles: 0x1cd42e4dffb, max_idle_ns: 881590591483 ns
[    0.000000] Zone ranges:
[    0.000000]   DMA      [mem 0x0000000000001000-0x0000000000ffffff]
[    0.000000]   DMA32    [mem 0x0000000001000000-0x000000003ffeffff]
[    0.000000]   Normal   empty
[    0.000000]   Device   empty
[    0.000000] Movable zone start for each node
[    .00000] arly memor node anges
[    .00000]   node  0:[mem0x0000000000100-0x0000000009fff]
[    0.000000]   node   0: [mem 0x0000000000100000-0x000000003ffeffff]
[    0.000000] Initmem setup node 0 [mem 0x00000000001000-000000003ffefff]
[    .00000] Reerve butunavilabe: 98 pages
[   0.00000]ACPI: M-Tier IO ort: 04008
[   0.00000] IOAPIC[0]: aic_i 2, vesion 3, addrss 0xfc00000 GSI 023
    .00000] ACI: INTSRC_VR (bu 0 bs_irq  global_irq 2 df dfl)
[    .00000] CPI: IT_SRC_VR (us 0 bs_ir 9 globa_irq9 low evel)
[    .00000] sing ACI (MADT) forSMP cofiuration information
[    000000] smpoot: Alowing2 CPUs 0 htplu CPU
[   0.000000] PM: Rgistred noave emory:[mem0x000000000x0000fff]
[   0.00000]PM: Registerd noave memoy: [mem x0009f00-0x009fff]
    .00000] M: Regsterd nosae meory: [em 0x00a00000x000efff]
[    0000000 PM:Registred osave emor: [mem0x000f000-0x00fffff]
[    0.00000] e80: [me 0x40000000xfefffff]avaiable fr PCI evices
[    0.0000] Botingparairtualzed kernl on KM
[   0.00000] cocksouce: reinedjiffes: ask:0xffffff max_cyles:0xffffffff, ma_idl_ns: 745519600211568 ns
[    0.000000]randm: getrandm_byte calle from tart_krnel+099/0x4d wih crg_init0
[    0.000000 setuppercu: N_CPUS:8192 nr_cpmaskbits:2nr_cu_ids: nr_ode_id:1
    0.00000]percpu Embedded 46 pges/cpu        (trval) 15152 r892 d8672 u108576
[    000000] PV spinock hah tabl entie: 56 (rder 0, 4096byte)
[   0.000000 Built1 zoelists, obilty goupig on. Tota pages 257913
[   0.00000] Policy zone: DMA32
[   0.000000] ernel comandline: BOOT_IMAGE=/oot/vminuz4.150-34geneic rot=UUI=194b013-0db-47d-b9c-2e00082c5db r consoe=tty1consol=tty0
[    0.00000] emor: 94764K/1048120K available (12300K kernel code, 2471K rwdata, 4244K rodata, 2408K init, 2416K bss, 100436K reserved, 0K cma-reserved)
[   0.000000] SLUB: HWalign=64, Order=0-3, MinObjects=0, CPUs=2, Nodes1
[    0.000000]Kernl/Usr pagetabls isoltion enabld
[   0.00000] ftrac: alocatin 3917 enries i 153 pges
[    0.004000] Hierarchical RCU implemetation.
[    0.004000] 	RCU restricting CPUs from NR_CPUS=8192 to nr_cpu_ids=2.
[    0.004000]	Tasks RU enbled
[   0.00400] RU: Adjstin geomery for rcufanoutleaf=1, nrcpu_ids=2
[   0.00000]NR_IQS: 52544, nr_irqs: 440, preallocated irqs: 16
[    0.004000] Console: colour VGA+ 80x25
[    0.004000] console [tty1] enabled
[    0.004000] console [ttyS0] enabled
[    0.004000] ACPI: Core revision 20170831
[   0.04000]ACPI:  ACP AML tblessuccesfully acuired and oaded
[    0.004000] APIC: Switch to symmetric I/O mode setup
[    0.004549] x2apic enabled
[    0.008005] Switched APIC routing to physical x2apic.
[    0.014287] ..TIMER: vector=0x30 apic1=0 pin1=2 apic2=-1 pin2=-1
[    0.016003] tsc: Detected 3059.006 MHz processor
[    0.020133] Calibrating delay loop (skipped) preset value.. 6118.01 BogoMIPS (lpj=12236024)
[    0.024003] pid_max: default: 32768 minimum: 301
[    0.028093] Security Framework initialized
[    0.032014] Yama: becoming mindful.
[    0.033539] AppArmor: AppArmor initialized
[    0.037593] Dentry cache hash table entries: 131072 (order: 8, 1048576 bytes)
[    0.040193] Inode-cache hash table entries: 65536 (order: 7, 524288 bytes)
[    0.044028] Mount-cache hash table entries: 2048 (order: 2, 16384 bytes)
[    0.048012] Mountpoint-cache hash table entries: 2048 (order: 2, 16384 bytes)
[    0.052473] mce: CPU supports 0 MCE banks
[    0.056032] Last level iTLB entries: 4KB 128, 2MB 4, 4MB 4
[    0.060002] Last level dTLB entries: 4KB 256, 2MB 0, 4MB 32, 1GB 0
[    0.064003] Spectre V2 : Mitigation: Full generic retpoline
[    0.068002] Speculative Store Bypass: Vulnerable
[    0.072315] Freeing SMP alternatives memory: 36K
[    0.080000] APIC calibration not consistent with PM-Timer: 103ms instead of 100ms
[    0.080000] APIC delta adjusted to PM-Timer: 6198095 (6435991)
[    0.080109] smpboot: CPU0: Intel(R) Core(TM)2 Duo CPU     T9900  @ 3.06GHz (family: 0x6, model: 0x17, stepping: 0xa)
[    0.084448] Performance Events: unsupported p6 CPU model 23 no PMU driver, software events only.
[    0.088207] Hierarchical SRCU implementation.
[    0.096033] NMI watchdog: Perf event create on CPU 0 failed with -2
[    0.099116] NMI watchdog: Perf NMI watchdog permanently disabled
[    0.100251] smp: Bringing up secondary CPUs ...
[    0.104500] x86: Booting SMP configuration:
[    0.106551] .... node  #0, CPUs:      #1
[    0.004000] kvm-clock: cpu 1, msr 0:3ff44041, secondary cpu clock
[    0.004000] mce: CPU supports 0 MCE banks
[    0.144038] smp: Brought up 1 node, 2 CPUs
[    0.148046] smpboot: Max logical packages: 1
[    0.152004] smpboot: Total of 2 processors activated (12236.02 BogoMIPS)
[    0.160229] devtmpfs: initialized
[    0.164091] x86/mm: Memory block size: 128MB
[    0.168227] evm: security.selinux
[    0.172002] evm: security.SMACK64
[    0.176002] evm: security.SMACK64EXEC
[    0.180002] evm: security.SMACK64TRANSMUTE
[    0.184002] evm: security.SMACK64MMAP
[    0.188002] evm: security.apparmor
[    0.192002] evm: security.ima
[    0.196002] evm: security.capability
[    0.200167] clocksource: jiffies: mask: 0xffffffff max_cycles: 0xffffffff, max_idle_ns: 7645041785100000 ns
[    0.204035] futex hash table entries: 512 (order: 3, 32768 bytes)
[    0.208173] pinctrl core: initialized pinctrl subsystem
[    0.213060] RTC time: 17:48:34, date: 09/24/18
[    0.216216] NET: Registered protocol family 16
[    0.218202] audit: initializing netlink subsys (disabled)
[    0.220130] audit: type=2000 audit(1537811301.065:1): state=initialized audit_enabled=0 res=1
[    0.272054] cpuidle: using governor ladder
[    0.276060] cpuidle: using governor menu
[    0.284029] ACPI: bus type PCI registered
[    0.285711] acpiphp: ACPI Hot Plug PCI Controller Driver version: 0.5
[    0.292461] PCI: Using configuration type 1 for base access
[    0.304322] HugeTLB registered 2.00 MiB page size, pre-allocated 0 pages
[    0.316749] ACPI: Added _OSI(Module Device)
[    0.320207] ACPI: Added _OSI(Processor Device)
[    0.324005] ACPI: Added _OSI(3.0 _SCP Extensions)
[    0.328005] ACPI: Added _OSI(Processor Aggregator Device)
[    0.332007] ACPI: Added _OSI(Linux-Dell-Video)
[    0.336004] ACPI: Added _OSI(Linux-Lenovo-NV-HDMI-Audio)
[    0.340840] ACPI: Executed 1 blocks of module-level executable AML code
[    0.352955] ACPI: Interpreter enabled
[    0.356043] ACPI: (supports S0 S5)
[    0.357453] ACPI: Using IOAPIC for interrupt routing
[    0.360361] PCI: Using host bridge windows from ACPI; if necessary, use "pci=nocrs" and report a bug
[    0.364232] ACPI: Enabled 2 GPEs in block 00 to 07
[    0.384467] ACPI: PCI Root Bridge [PCI0] (domain 0000 [bus 00-ff])
[    0.388034] acpi PNP0A03:00: _OSC: OS supports [ASPM ClockPM Segments MSI]
[    0.392030] acpi PNP0A03:00: _OSC: not requesting OS control; OS requires [ExtendedConfig ASPM ClockPM MSI]
[    0.396035] acpi PNP0A03:00: fail to add MMCONFIG information, can't access extended PCI configuration space under this bridge.
[    0.400480] PCI host bridge to bus 0000:00
[    0.404010] pci_bus 0000:00: root bus resource [io  0x0000-0x0cf7 window]
[    0.408004] pci_bus 0000:00: root bus resource [io  0x0d00-0xffff window]
[    0.412004] pci_bus 0000:00: root bus resource [mem 0x000a0000-0x000bffff window]
[    0.416004] pci_bus 0000:00: root bus resource [mem 0x40000000-0xfdffffff window]
[    0.420005] pci_bus 0000:00: root bus resource [bus 00-ff]
[    0.426331] pci 0000:00:01.1: legacy IDE quirk: reg 0x10: [io  0x01f0-0x01f7]
[    0.428004] pci 0000:00:01.1: legacy IDE quirk: reg 0x14: [io  0x03f6]
[    0.432004] pci 0000:00:01.1: legacy IDE quirk: reg 0x18: [io  0x0170-0x0177]
[    0.436003] pci 0000:00:01.1: legacy IDE quirk: reg 0x1c: [io  0x0376]
[    0.469581] pci 0000:00:07.0: quirk: [io  0x4000-0x403f] claimed by PIIX4 ACPI
[    0.472016] pci 0000:00:07.0: quirk: [io  0x4100-0x410f] claimed by PIIX4 SMB
[    0.486626] ACPI: PCI Interrupt Link [LNKA] (IRQs 5 9 10 *11)
[    0.488426] ACPI: PCI Interrupt Link [LNKB] (IRQs 5 9 *10 11)
[    0.492223] ACPI: PCI Interrupt Link [LNKC] (IRQs 5 *9 10 11)
[    0.496161] ACPI: PCI Interrupt Link [LNKD] (IRQs 5 9 10 *11)
[    0.501901] SCSI subsystem initialized
[    0.508339] pci 0000:00:02.0: vgaarb: setting as boot VGA device
[    0.512000] pci 0000:00:02.0: vgaarb: VGA device added: decodes=io+mem,owns=io+mem,locks=none
[    0.512006] pci 0000:00:02.0: vgaarb: bridge control possible
[    0.516013] vgaarb: loaded
[    0.520114] ACPI: bus type USB registered
[    0.521861] usbcore: registered new interface driver usbfs
[    0.524040] usbcore: registered new interface driver hub
[    0.526229] usbcore: registered new device driver usb
[    0.528222] EDAC MC: Ver: 3.0.0
[    0.532266] PCI: Using ACPI for IRQ routing
[    0.534514] NetLabel: Initializing
[    0.536003] NetLabel:  domain hash size = 128
[    0.537763] NetLabel:  protocols = UNLABELED CIPSOv4 CALIPSO
[    0.540067] NetLabel:  unlabeled traffic allowed by default
[    0.546520] clocksource: Switched to clocksource kvm-clock
[    0.569346] VFS: Disk quotas dquot_6.6.0
[    0.571076] VFS: Dquot-cache hash table entries: 512 (order 0, 4096 bytes)
[    0.573222] AppArmor: AppArmor Filesystem Enabled
[    0.573222] pnp: PnP ACPI init
[    0.573222] pnp: PnP ACPI: found 3 devices
[    0.605600] clocksource: acpi_pm: mask: 0xffffff max_cycles: 0xffffff, max_idle_ns: 2085701024 ns
[    0.608688] NET: Registered protocol family 2
[    0.608688] TCP established hash table entries: 8192 (order: 4, 65536 bytes)
[    0.608688] TCP bind hash table entries: 8192 (order: 5, 131072 bytes)
[    0.620369] TCP: Hash tables configured (established 8192 bind 8192)
[    0.623240] UDP hash table entries: 51 (rdr:2,1684byes
[  0.6275UDLi hashab eri: 2 order: 2, 63 bes
[  1013]ETRestedrocofaly
  1.8053 p 00::00:imindictCICIrafe
  3.2607 p 00::00:ctating SAMAang workrods
[   2368pc00:0:02.0:Vio vie thhaweROat [mm x000c000-000ff]
[   5523]npckin itrfs.
[    6.757994] Freeing initrd memory: 54900K
[    6.816901] platform rtc_cmos: registered platform RTC device (no PNP device found)
[    6.900851] Scanning for low memory corruption every 60 seconds
[    7.087814] Initialise system trusted keyrings
[    7.188560] Key type blacklist registered
[    7.251481] workingset: timestamp_bits=36 max_order=18 bucket_order=0
[    7.468714] zbud: loaded
[    7.577209] squashfs: version 4.0 (2009/01/31) Phillip Lougher
[    7.757333] fuse init (API version 7.26)
[    7.824138] Key type asymmetric registered
[    7.867223] tsc: Refined TSC clocksource calibration: 3049.885 MHz
[    7.872119] Asymmetric key parser 'x509' registered
[    7.872182] Block layer SCSI generic (bsg) driver version 0.4 loaded (major 246)
[    7.926307] io scheduler noop registered
[    7.926308] io scheduler deadline registered
[    7.926384] io scheduler cfq registered (default)
[    8.040742] clocksource: tsc: mask: 0xffffffffffffffff max_cycles: 0x2bf65a0a134, max_idle_ns: 440795322172 ns
[    8.088519] ACPI: AC Adapter [AC] (on-line)
[    8.116694] input: Power Button as /devices/LNXSYSTM:00/LNXPWRBN:00/input/input0
[    8.153956] ACPI: Power Button [PWRF]
[    8.200519] input: Sleep Button as /devices/LNXSYSTM:00/LNXSLPBN:00/input/input1
[    8.277877] ACPI: Sleep Button [SLPF]
[    8.281278] ACPI: Battery Slot [BAT0] (battery present)
[    8.285347] Serial: 8250/16550 driver, 32 ports, IRQ sharing enabled
[    8.370653] 00:02: ttyS0 at I/O 0x3f8 (irq = 4, base_baud = 115200) is a 16550A
[    8.378331] Linux agpgart interface v0.103
[    8.383057] loop: module loaded
[    8.385729] scsi host0: ata_piix
[    8.387693] scsi host1: ata_piix
[    8.390100] ata1: PATA max UDMA/33 cmd 0x1f0 ctl 0x3f6 bmdma 0xd000 irq 14
[    8.399742] ata2: PATA max UDMA/33 cmd 0x170 ctl 0x376 bmdma 0xd008 irq 15
[    8.404340] libphy: Fixed MDIO Bus: probed
[    8.406849] tun: Universal TUN/TAP device driver, 1.6
[    8.410029] PPP generic driver version 2.4.2
[    8.412760] ehci_hcd: USB 2.0 'Enhanced' Host Controller (EHCI) Driver
[    8.415965] ehci-pci: EHCI PCI platform driver
[    8.418128] ehci-platform: EHCI generic platform driver
[    8.420583] ohci_hcd: USB 1.1 'Open' Host Controller (OHCI) Driver
[    8.423431] ohci-pci: OHCI PCI platform driver
[    8.425556] ohci-platform: OHCI generic platform driver
[    8.428006] uhci_hcd: USB Universal Host Controller Interface driver
[    8.430999] i8042: PNP: PS/2 Controller [PNP0303:PS2K,PNP0f03:PS2M] at 0x60,0x64 irq 1,12
[    8.441858] serio: i8042 KBD port at 0x60,0x64 irq 1
[    8.444114] serio: i8042 AUX port at 0x60,0x64 irq 12
[    8.446800] mousedev: PS/2 mouse device common for all mice
[    8.452709] input: AT Translated Set 2 keyboard as /devices/platform/i8042/serio0/input/input2
[    8.456201] rtc_cmos rtc_cmos: rtc core: registered rtc_cmos as rtc0
[    8.456336] rtc_cmos rtc_cmos: alarms up to one day, 114 bytes nvram
[    8.456346] i2c /dev entries driver
[    8.456436] device-mapper: uevent: version 1.0.3
[    8.456534] device-mapper: ioctl: 4.37.0-ioctl (2017-09-20) initialised: dm-devel@redhat.com
[    8.700918] ledtrig-cpu: registered to indicate activity on CPUs
[    9.027388] NET: Registered protocol family 10
[    9.086085] Segment Routing with IPv6
[    9.124536] NET: Registered protocol family 17
[    9.186842] Key type dns_resolver registered
[    9.207589] RAS: Correctable Errors collector initialized.
[    9.286974] sched_clock: Marking stable (9286841831, 0)->(30572101077, -21285259246)
[    9.474233] registered taskstats version 1
[    9.542540] Loading compiled-in X.509 certificates
[    9.634522] Loaded X.509 cert 'Build time autogenerated kernel key: 197c80222fd2638086c51a9b9e4961ca73d6ea07'
[    9.747269] zswap: loaded using pool lzo/zbud
[    9.818770] Key type big_key registered
[    9.876632] Key type trusted registered
[    9.969406] Key type encrypted registered
[   10.024461] AppArmor: AppArmor sha1 policy hashing enabled
[   10.126775] ima: No TPM chip found, activating TPM-bypass! (rc=-19)
[   10.196754] ima: Allocated hash algorithm: sha1
[   10.346839] evm: HMAC attrs: 0x1
[   10.408953]   Magic number: 2:414:846
[   10.437207] rtc_cmos rtc_cmos: setting system clock to 2018-09-24 17:48:45 UTC (1537811325)
[   10.547551] BIOS EDD facility v0.16 2004-Jun-25, 0 devices found
[   10.636266] EDD information not available.
[   10.746270] Freeing unused kernel memory: 2408K
[   10.832087] Write protecting the kernel read-only data: 20480k
[   10.968303] Freeing unused kernel memory: 2008K
[   11.087768] Freeing unused kernel memory: 1900K
[   11.291345] x86/mm: Checked W+X mappings: passed, no W+X pages found.
[   11.612777] x86/mm: Checking user space page tables
[   11.768658] x86/mm: Checked W+X mappings: passed, no W+X pages found.
Loading, please wait...
starting version 237
[   12.784233] ACPI: Video Device [GFX0] (multi-head: yes  rom: no  post: no)
[   12.788091] input: Video Bus as /devices/LNXSYSTM:00/LNXSYBUS:00/PNP0A03:00/LNXVIDEO:00/input/input4
[   12.837973] e1000: Intel(R) PRO/1000 Network Driver - version 7.3.21-k8-NAPI
[   12.867821] e1000: Copyright (c) 1999-2006 Intel Corporation.
[   13.011932] Fusion MPT base driver 3.04.20
[   13.057516] Copyright (c) 1999-2008 LSI Corporation
[   13.205007] Fusion MPT SPI Host driver 3.04.20
[   13.230733] input: ImExPS/2 Generic Explorer Mouse as /devices/platform/i8042/serio1/input/input5
[   13.523111] e1000 0000:00:03.0 eth0: (PCI:33MHz:32-bit) 02:fb:a8:4c:29:d0
[   15.049563] e1000 0000:00:03.0 eth0: Intel(R) PRO/1000 Network Connection
[   15.088185] piix4_smbus 0000:00:07.0: SMBus Host Controller at 0x4100, revision 0
[   15.108980] e1000 0000:00:03.0 enp0s3: renamed from eth0
[   15.114562] mptbase: ioc0: Initiating bringup
[   15.212795] ioc0: LSI53C1030 A0: Capabilities={Initiator}
[   15.590047] scsi host2: ioc0: LSI53C1030 A0, FwRev=00000000h, Ports=1, MaxQ=256, IRQ=20
[   16.106026] scsi 2:0:0:0: Direct-Access     VBOX     HARDDISK         1.0  PQ: 0 ANSI: 5
[   16.284090] scsi target2:0:0: Beginning Domain Validation
[   16.317095] scsi target2:0:0: Domain Validation skipping write tests
[   16.447427] scsi target2:0:0: Ending Domain Validation
[   16.597566] scsi target2:0:0: asynchronous
[   16.678264] scsi 2:0:1:0: Direct-Access     VBOX     HARDDISK         1.0  PQ: 0 ANSI: 5
[   16.776054] scsi target2:0:1: Beginning Domain Validation
[   16.972722] random: fast init done
[   17.049475] scsi target2:0:1: Domain Validation skipping write tests
[   17.328195] scsi target2:0:1: Ending Domain Validation
[   17.376473] scsi target2:0:1: asynchronous
[   17.408659] random: systemd-udevd: uninitialized urandom read (16 bytes read)
[   17.409073] sd 2:0:0:0: Attached scsi generic sg0 type 0
[   17.410371] sd 2:0:1:0: Attached scsi generic sg1 type 0
[   17.522970] random: systemd-udevd: uninitialized urandom read (16 bytes read)
[   17.573062] random: systemd-udevd: uninitialized urandom read (16 bytes read)
[   17.628968] sd 2:0:0:0: [sda] 20971520 512-byte logical blocks: (10.7 GB/10.0 GiB)
[   17.630716] sd 2:0:1:0: [sdb] 20480 512-byte logical blocks: (10.5 MB/10.0 MiB)
[   17.630792] sd 2:0:1:0: [sdb] Write Protect is off
[   17.630925] sd 2:0:1:0: [sdb] Incomplete mode parameter data
[   17.630926] sd 2:0:1:0: [sdb] Assuming drive cache: write through
[   17.636369] sd 2:0:1:0: [sdb] Attached SCSI disk
[   17.882451] sd 2:0:0:0: [sda] Write Protect is off
[   18.188784] sd 2:0:0:0: [sda] Incomplete mode parameter data
[   18.301638] sd 2:0:0:0: [sda] Assuming drive cache: write through
[   18.456361]  sda: sda1
[   18.907082] sd 2:0:0:0: [sda] Attached SCSI disk
Begin: Loading essential drivers ... [   21.648071] raid6: sse2x1   gen()  3506 MB/s
[   21.728022] raid6: sse2x1   xor()  4294 MB/s
[   21.800049] raid6: sse2x2   gen()  4304 MB/s
[   21.868020] raid6: sse2x2   xor()  5417 MB/s
[   21.944025] raid6: sse2x4   gen()  8781 MB/s
[   22.028022] raid6: sse2x4   xor()  6411 MB/s
[   22.065936] raid6: using algorithm sse2x4 gen() 8781 MB/s
[   22.152621] raid6: .... xor() 6411 MB/s, rmw enabled
[   22.233515] raid6: using ssse3x2 recovery algorithm
[   22.320023] xor: measuring software checksum speed
[   22.444473]    prefetch64-sse: 24234.000 MB/sec
[   22.540384]    generic_sse: 20067.000 MB/sec
[   22.649064] xor: using function: prefetch64-sse (24234.000 MB/sec)
[   22.704129] async_tx: api initialized (async)
done.
Begin: Running /scripts/init-premount ... done.
Begin: Mounting root file system ... Begin: Running /scripts/local-top ... done.
Begin: Running /scripts/local-premount ... [   23.104862] Btrfs loaded, crc32c=crc32c-generic
Scanning for Btrfs filesystems
done.
Warning: fsck no[   23.332339] EXT4-fs (sda1): INFO: recovery required on readonly filesystem
t present, so skipping root file system
[   23.380781] EXT4-fs (sda1): write access will be enabled during recovery
[   23.505436] EXT4-fs (sda1): orphan cleanup on readonly fs
[   23.547138] EXT4-fs (sda1): 3 orphan inodes deleted
[   23.576705] EXT4-fs (sda1): recovery complete
[   23.613581] EXT4-fs (sda1): mounted filesystem with ordered data mode. Opts: (null)
done.
Begin: Running /scripts/local-bottom ... done.
Begin: Running /scripts/init-bottom ... done.
[   24.431879] ip_tables: (C) 2000-2006 Netfilter Core Team
[   24.565306] systemd[1]: systemd 237 running in system mode. (+PAM +AUDIT +SELINUX +IMA +APPARMOR +SMACK +SYSVINIT +UTMP +LIBCRYPTSETUP +GCRYPT +GNUTLS +ACL +XZ +LZ4 +SECCOMP +BLKID +ELFUTILS +KMOD -IDN2 +IDN -PCRE2 default-hierarchy=hybrid)
[   25.150640] systemd[1]: Detected virtualization oracle.
[   25.389037] systemd[1]: Detected architecture x86-64.

Welcome to [1mUbuntu 18.04.1 LTS[0m!

[   25.697542] systemd[1]: Set hostname to <ubuntu-xenial>.
[   26.530626] random: crng init done
[   26.532279] random: 7 urandom warning(s) missed due to ratelimiting
[   26.933759] systemd[1]: Created slice User and Session Slice.
[[0;32m  OK  [0m] Created slice User and Session Slice.
[   27.061790] systemd[1]: Set up automount Arbitrary Executable File Formats File System Automount Point.
[[0;32m  OK  [0m] Set up automount Arbitrary Executab…rmats File System Automount Point.
[   27.411145] systemd[1]: Reached target Swap.
[[0;32m  OK  [0m] Reached target Swap.
[   27.637612] systemd[1]: Started Forward Password Requests to Wall Directory Watch.
[[0;32m  OK  [0m] Started Forward Password Requests to Wall Directory Watch.
[   28.040272] systemd[1]: Reached target User and Group Name Lookups.
[[0;32m  OK  [0m] Reached target User and Group Name Lookups.
[   28.257943] systemd[1]: Created slice System Slice.
[[0;32m  OK  [0m] Created slice System Slice.
[[0;32m  OK  [0m] Reached target Slices.
[[0;32m  OK  [0m] Listening on Journal Socket.
         Mounting Kernel Debug File System...
         Starting Nameserver information manager...
[[0;32m  OK  [0m] Listening on /dev/initctl Compatibility Named Pipe.
[[0;32m  OK  [0m] Created slice system-serial\x2dgetty.slice.
[[0;32m  OK  [0m] Listening on Journal Audit Socket.
[[0;32m  OK  [0m] Listening on udev Control Socket.
         Starting Uncomplicated firewall...
         Starting Load Kernel Modules...
[[0;32m  OK  [0m] Listening on LVM2 metadata daemon socket.
[[0;32m  OK  [0m] Listening on udev Kernel Socket.
         Starting Remount Root and Kernel File Systems...
         Mounting Huge Pages File System...
[[0;32m  OK  [0m] Listening on Device-mapper event daemon FIFOs.
[[0;32m  OK  [0[   28.927412] Loading iSCSI transport class v2.0-870.
m] Listening on Journal Socket (/dev/log).
[   29.710658] systemd[1]: Listening on Syslog Socket.
[[0;32m  OK  [0m] Listening on Syslog Socket.
[   29.731541] systemd[1]: Starting Journal Service...
         Starting Journal Service...
[   29.765867] systemd[1]: Mounting POSIX Message Queue File System...
         Mounting POSIX Message Queue File System...
[   29.786495] systemd[1]: Starting udev Coldplug all Devices...
[   29.800357] EXT4-fs (sda1): re-mounted. Opts: (null)
         Starting udev Coldplug all Devices...
[   29.908430] systemd[1]: Starting Create list of required static device nodes for the current kernel...
[   29.934466] iscsi: registered transport (tcp)
         Starting Create list of required st…ce nodes for the current kernel...
[   29.989951] systemd[1]: Listening on LVM2 poll daemon socket.
[[0;32m  OK  [0m] Listening on LVM2 poll daemon socket.
[   30.046285] systemd[1]: Starting Monitoring of LVM2 mirrors, snapshots etc. using dmeventd or progress polling...
         Starting Monitoring of LVM2 mirrors…ng dmeventd or progress polling..[   30.088352] iscsi: registered transport (iser)
.
[   30.125427] systemd[1]: Starting Set the console keyboard layout...
         Starting Set the console keyboard layout...
[   30.213115] systemd[1]: Reached target System Time Synchronized.
[[0;32m  OK  [0m] Reached target System Time Synchronized.
[   30.374296] systemd[1]: Mounted Kernel Debug File System.
[[0;32m  OK  [0m] Mounted Kernel Debug File System.
[[0;32m  OK  [0m] Started Uncomplicated firewall.
[[0;32m  OK  [0m] Started Journal Service.
[[0;32m  OK  [0m] Started Load Kernel Modules.
[[0;32m  OK  [0m] Started Remount Root and Kernel File Systems.
[[0;32m  OK  [0m] Mounted Huge Pages File System.
[[0;32m  OK  [0m] Mounted POSIX Message Queue File System.
[[0;32m  OK  [0m] Started Create list of required sta…vice nodes for the current kernel.
[[0;32m  OK  [0m] Started Set the console keyboard layout.
[[0;32m  OK  [0m] Started Nameserver information manager.
[[0;32m  OK  [0m] Started udev Coldplug all Devices.
[[0;32m  OK  [0m] Started LVM2 metadata daemon.
         Starting Create Static Device Nodes in /dev...
         Starting Load/Save Random Seed...
         Starting Initial cloud-init job (pre-networking)...
         Mounting FUSE Control File System...
         Starting Apply Kernel Variables...
         Mounting Kernel Configuration File System...
         Starting Flush Journal to Persistent Storage...
[[0;32m  OK  [0m] Started Load/Save Random Seed.
[[0;32m  OK  [0m] Mounted FUSE Control File System.
[[0;32m  OK  [0m] Mounted Kernel Configuration File System.
[[0;32m  OK  [0m] Started Create Static Device Nodes in /dev.
[[0;32m  OK  [0m] Started Monitoring of LVM2 mirrors,…sing dmeventd or progress polling.
[[0;32m  OK  [0m] Started Apply Kernel Variables.
[[0;32m  OK  [0m] Reached target Local File Systems (Pre).
[[0;32m  OK  [0m] Reached target Local File Systems.
         Starting ebtables ruleset management...
         Starting Tell Plymouth To Write Out Runtime Data...
         Starting AppArmor initialization...
         Starting Set console font and keymap...
         Starting udev Kernel Device Manager...
[[0;32m  OK  [0m] Started Flush Journal to Persistent Storage.
[[0;32m  OK  [0m] Started Tell Plymouth To Write Out Runtime Data.
         Starting Create Volatile Files and Directories...
[[0;32m  OK  [0m] Started Set console font and keymap.
[[0;32m  OK  [0m] Started udev Kernel Device Manager.
[[0;32m  OK  [0m] Started ebtables ruleset management.
[[0;32m  OK  [0m] Started Create Volatile Files and Directories.
         Starting Network Name Resolution...
         Starting Update UTMP about System Boot/Shutdown...
[[0;32m  OK  [0m] Started Dispatch Password Requests to Console Directory Watch.
[[0;32m  OK  [0m] Reached target Local Encrypted Volumes.
[[0;32m  OK  [0m] Started Update UTMP about System Boot/Shutdown.
[[0;32m  OK  [0m] Started Network Name Resolution.
[[0;32m  OK  [0m] Reached target Host and Network Name Lookups.
[[0;32m  OK  [0m] Started AppArmor initialization.
[[0;32m  OK  [0m] Found device /dev/ttyS0.
[[0;32m  OK  [0m] Listening on Load/Save RF Kill Switch Status /dev/rfkill Watch.
[   38.720516] cloud-init[401]: Cloud-init v. 18.3-9-g2e62cb8a-0ubuntu1~18.04.2 running 'init-local' at Mon, 24 Sep 2018 17:49:11 +0000. Up 36.08 seconds.
[[0;32m  OK  [0m] Started Initial cloud-init job (pre-networking).
[[0;32m  OK  [0m] Reached target Network (Pre).
         Starting Raise network interfaces...
[[0;32m  OK  [0m] Found device 82540EM Gigabit Ethern…ler (PRO/1000 MT Desktop Adapter).
[[0;32m  OK  [0m] Started ifup for enp0s3.
[[0;32m  OK  [0m] Reached target Sound Card.
         Starting Network Time Synchronization...
         Starting Tell Plymouth To Write Out Runtime Data...
         Stopping Network Name Resolution...
[[0;32m  OK  [0m] Started Tell Plymouth To Write Out Runtime Data.
[[0;32m  OK  [0m] Stopped Network Name Resolution.
         Starting Network Name Resolution...
[[0;32m  OK  [0m] Started Network Time Synchronization.
[[0;32m  OK  [0m] Started Network Name Resolution.
[[0;32m  OK  [0m] Started Raise network interfaces.
         Starting Initial cloud-init job (metadata service crawler)...
[[0;32m  OK  [0m] Reached target Network.
[   46.068708] cloud-init[824]: Cloud-init v. 18.3-9-g2e62cb8a-0ubuntu1~18.04.2 running 'init' at Mon, 24 Sep 2018 17:49:19 +0000. Up 44.58 seconds.
[   46.153313] cloud-init[824]: ci-info: ++++++++++++++++++++++++++++++++++++++Net device info++++++++++++++++++++++++++++++++++++++
[   46.183060] cloud-init[824]: ci-info: +--------+------+----------------------------+---------------+--------+-------------------+
[   46.189149] cloud-init[824]: ci-info: | Device |  Up  |          Address           |      Mask     | Scope  |     Hw-Address    |
[   46.194253] cloud-init[824]: ci-info: +--------+------+----------------------------+---------------+--------+-------------------+
[   46.199592] cloud-init[824]: ci-info: | enp0s3 | True |         10.0.2.15          | 255.255.255.0 | global | 02:fb:a8:4c:29:d0 |
[   46.204607] cloud-init[824]: ci-info: | enp0s3 | True | fe80::fb:a8ff:fe4c:29d0/64 |       .       |  link  | 02:fb:a8:4c:29:d0 |
[   46.209609] cloud-init[824]: ci-info: |   lo   | True |         127.0.0.1          |   255.0.0.0   |  host  |         .         |
[   46.214435] cloud-init[824]: ci-info: |   lo   | True |          ::1/128           |       .       |  host  |         .         |
[   46.219940] cloud-init[824]: ci-info: +--------+------+----------------------------+---------------+--------+-------------------+
[   46.224910] cloud-init[824]: ci-info: +++++++++++++++++++++++++++Route IPv4 info++++++++++++++++++++++++++++
[   46.232939] cloud-init[824]: ci-info: +-------+-------------+----------+---------------+-----------+-------+
[   46.237466] cloud-init[824]: ci-info: | Route | Destination | Gateway  |    Genmask    | Interface | Flags |
[   46.242430] cloud-init[824]: ci-info: +-------+-------------+----------+---------------+-----------+-------+
[   46.247006] cloud-init[824]: ci-info: |   0   |   0.0.0.0   | 10.0.2.2 |    0.0.0.0    |   enp0s3  |   UG  |
[   46.253533] cloud-init[824]: ci-info: |   1   |   10.0.2.0  | 0.0.0.0  | 255.255.255.0 |   enp0s3  |   U   |
[[   46.426665] cloud-init[824]: ci-info: +-------+-------------+----------+---------------+-----------+-------+
[   46.427153] cloud-init[824]: ci-info: +++++++++++++++++++Route IPv6 info+++++++++++++++++++
[   46.427372] cloud-init[824]: ci-info: +-------+-------------+---------+-----------+-------+
[   46.427557] cloud-init[824]: ci-info: | Route | Destination | Gateway | Interface | Flags |
[   46.427770] cloud-init[824]: ci-info: +-------+-------------+---------+-----------+-------+
[   46.427919] cloud-init[824]: ci-info: |   1   |  fe80::/64  |    ::   |   enp0s3  |   U   |
[   46.428100] cloud-init[824]: ci-info: |   3   |    local    |    ::   |   enp0s3  |   U   |
[   46.428284] cloud-init[824]: ci-info: |   4   |   ff00::/8  |    ::   |   enp0s3  |   U   |
[   46.428747] cloud-init[824]: ci-info: +-------+-------------+---------+-----------+-------+
[0;32m  OK  [0m] Started Initial cloud-init job (metadata service crawler).
[[0;32m  OK  [0m] Reached target Cloud-config availability.
[[0;32m  OK  [0m] Reached target System Initialization.
[[0;32m  OK  [0m] Started Clean PHP session files every 30 mins.
[[0;32m  OK  [0m] Listening on D-Bus System Message Bus Socket.
[[0;32m  OK  [0m] Started Message of the Day.
         Starting Socket activation for snappy daemon.
[[0;32m  OK  [0m] Started Discard unused blocks once a week.
[[0;32m  OK  [0m] Started Daily apt download activities.
[[0;32m  OK  [0m] Started resolvconf-pull-resolved.path.
[[0;32m  OK  [0m] Started ACPI Events Check.
[[0;32m  OK  [0m] Started Daily apt upgrade and clean activities.
[[0;32m  OK  [0m] Started Daily Cleanup of Temporary Directories.
[[0;32m  OK  [0m] Reached target Timers.
[[0;32m  OK  [0m] Reached target Paths.
[[0;32m  OK  [0m] Listening on ACPID Listen Socket.
         Starting LXD - unix socket.
[[0;32m  OK  [0m] Listening on UUID daemon activation socket.
[[0;32m  OK  [0m] Reached target Network is Online.
         Starting iSCSI initiator daemon (iscsid)...
[[0;32m  OK  [0m] Listening on Socket activation for snappy daemon.
[[0;32m  OK  [0m] Listening on LXD - unix socket.
[[0;32m  OK  [0m] Reached target Sockets.
[[0;32m  OK  [0m] Reached target Basic System.
[[0;32m  OK  [0m] Started irqbalance daemon.
         Starting Login Service...
         Starting LSB: Record successful boot for GRUB...
[[0;32m  OK  [0m] Started FUSE filesystem for LXC.
         Starting System Logging Service...
         Starting LXD - container startup/shutdown...
[[0;32m  OK  [0m] Started Deferred execution scheduler.
         Starting Clean php session files...
         Starting Dispatcher daemon for systemd-networkd...
[[0;32m  OK  [0m] Started Unattended Upgrades Shutdown.
[[0;32m  OK  [0m] Started Regular background program processing daemon.
         Starting resolvconf-pull-resolved.service...
         Starting The PHP 7.2 FastCGI Process Manager...
         Starting OpenBSD Secure Shell server...
         Starting Thermal Daemon Service...
[[0;32m  OK  [0m] Started D-Bus System Message Bus.
[[0;32m  OK  [0m] Started Login Service.
         Starting Accounts Service...
         Starting Snappy daemon...
[[0;32m  OK  [0m] Started System Logging Service.
[[0;32m  OK  [0m] Started iSCSI initiator daemon (iscsid).
[[0;32m  OK  [0m] Started Thermal Daemon Service.
         Starting Availability of block devices...
[[0;32m  OK  [0m] Reached target Remote File Systems (Pre).
[[0;32m  OK  [0m] Reached target Remote File Systems.
         Starting The Apache HTTP Server...
         Starting Permit User Sessions...
         Starting LSB: automatic crash report generation...
[[0;32m  OK  [0m] Started OpenBSD Secure Shell server.
[[0;32m  OK  [0m] Started Availability of block devices.
         Starting Authorization Manager...
[[0;32m  OK  [0m] Started LXD - container startup/shutdown.
[[0;32m  OK  [0m] Started Permit User Sessions.
         Starting Terminate Plymouth Boot Screen...
         Starting Hold until boot process finishes up...
[[0;32m  OK  [0m] Started Terminate Plymouth Boot Screen.
[[0;32m  OK  [0m] Started resolvconf-pull-resolved.service.
[[0;32m  OK  [0m] Started Hold until boot process finishes up.
[[0;32m  OK  [0m] Started Authorization Manager.
[[0;32m  OK  [0m] Started LSB: Record successful boot for GRUB.
[[0;32m  OK  [0m] Started Accounts Service.
         Starting Set console scheme...
[[0;32m  OK  [0m] Started Serial Getty on ttyS0.
[[0;32m  OK  [0m] Started Set console scheme.
[[0;32m  OK  [0m] Created slice system-getty.slice.
[[0;32m  OK  [0m] Started Getty on tty1.
[[0;32m  OK  [0m] Reached target Login Prompts.
[[0;32m  OK  [0m] Started Dispatcher daemon for systemd-networkd.
[[0;32m  OK  [0m] Started LSB: automatic crash report generation.
[[0;32m  OK  [0m] Created slice User Slice of vagrant.
[[0;32m  OK  [0m] Started Snappy daemon.
         Starting User Manager for UID 1000...
         Starting Wait until snapd is fully seeded...
[[0;32m  OK  [0m] Started Session 1 of user vagrant.
[[0;32m  OK  [0m] Started User Manager for UID 1000.
[[0;32m  OK  [0m] Started Wait until snapd is fully seeded.
         Starting Apply the settings specified in cloud-config...
[[0;32m  OK  [0m] Started The Apache HTTP Server.
[[0;32m  OK  [0m] Started The PHP 7.2 FastCGI Process Manager.
[[0;32m  OK  [0m] Reached target Multi-User System.
[[0;32m  OK  [0m] Reached target Graphical Interface.
         Starting Update UTMP about System Runlevel Changes...
[[0;32m  OK  [0m] Started Update UTMP about System Runlevel Changes.

Ubuntu 18.04.1 LTS ubuntu-xenial ttyS0

ubuntu-xenial login: [   61.022095] cloud-init[1077]: Cloud-init v. 18.3-9-g2e62cb8a-0ubuntu1~18.04.2 running 'modules:config' at Mon, 24 Sep 2018 17:49:35 +0000. Up 60.06 seconds.
[   63.675182] cloud-init[1293]: Cloud-init v. 18.3-9-g2e62cb8a-0ubuntu1~18.04.2 running 'modules:final' at Mon, 24 Sep 2018 17:49:37 +0000. Up 62.89 seconds.
[   63.704223] cloud-init[1293]: Cloud-init v. 18.3-9-g2e62cb8a-0ubuntu1~18.04.2 finished at Mon, 24 Sep 2018 17:49:38 +0000. Datasource DataSourceNoCloud [seed=/dev/sdb][dsmode=net].  Up 63.65 seconds
